2024-03-31 21:18:06,680:INFO:Training Started.
2024-03-31 21:19:41,217:INFO:Epoch 1/10 - Train Loss: 0.0618, Validation Loss: 0.0552
2024-03-31 21:19:41,217:INFO:Epoch 1/10 - Meterics: {'AbsRel': 0.20065842755138874, 'SqRel': 0.07276104791089892, 'RMSE': 0.08790693804621696, 'RMSE_Log': 0.37976454496383666, 'A1': 0.8893081024289131, 'A2': 0.9178356096148491, 'A3': 0.935157485306263, 'Log10': 0.05014257384464145}
2024-03-31 21:19:41,217:INFO:--------------------------------------------------
2024-03-31 21:21:15,237:INFO:Epoch 2/10 - Train Loss: 0.0515, Validation Loss: 0.0530
2024-03-31 21:21:15,237:INFO:Epoch 2/10 - Meterics: {'AbsRel': 0.2983989153057337, 'SqRel': 0.10161945708096028, 'RMSE': 0.09659616518765687, 'RMSE_Log': 0.3911642014980316, 'A1': 0.902278545498848, 'A2': 0.9201609373092652, 'A3': 0.9359822481870651, 'Log10': 0.06781015638262033}
2024-03-31 21:21:15,237:INFO:--------------------------------------------------
2024-03-31 21:22:49,164:INFO:Epoch 3/10 - Train Loss: 0.0489, Validation Loss: 0.0472
2024-03-31 21:22:49,164:INFO:Epoch 3/10 - Meterics: {'AbsRel': 0.1692976288497448, 'SqRel': 0.06083012744784355, 'RMSE': 0.0797129881568253, 'RMSE_Log': 0.32890996113419535, 'A1': 0.9107840567827225, 'A2': 0.9389375746250153, 'A3': 0.9553898200392723, 'Log10': 0.041066928394138814}
2024-03-31 21:22:49,164:INFO:--------------------------------------------------
2024-03-31 21:24:23,215:INFO:Epoch 4/10 - Train Loss: 0.0465, Validation Loss: 0.0460
2024-03-31 21:24:23,216:INFO:Epoch 4/10 - Meterics: {'AbsRel': 0.19289325587451459, 'SqRel': 0.058020360115915534, 'RMSE': 0.07851920761168003, 'RMSE_Log': 0.3143161915242672, 'A1': 0.9152255490422249, 'A2': 0.941544696688652, 'A3': 0.9583629906177521, 'Log10': 0.052334315981715916}
2024-03-31 21:24:23,216:INFO:--------------------------------------------------
2024-03-31 21:25:56,992:INFO:Epoch 5/10 - Train Loss: 0.0450, Validation Loss: 0.0434
2024-03-31 21:25:56,993:INFO:Epoch 5/10 - Meterics: {'AbsRel': 0.14239133354276418, 'SqRel': 0.047478673653677105, 'RMSE': 0.07312801694497466, 'RMSE_Log': 0.2979930639266968, 'A1': 0.9180123671889305, 'A2': 0.9455466985702514, 'A3': 0.9623498976230621, 'Log10': 0.037431693030521275}
2024-03-31 21:25:56,993:INFO:--------------------------------------------------
2024-03-31 21:27:31,563:INFO:Epoch 6/10 - Train Loss: 0.0413, Validation Loss: 0.0403
2024-03-31 21:27:31,563:INFO:Epoch 6/10 - Meterics: {'AbsRel': 0.11700421534478664, 'SqRel': 0.040810338733717796, 'RMSE': 0.06735404459759593, 'RMSE_Log': 0.28136989623308184, 'A1': 0.926130723953247, 'A2': 0.953986631333828, 'A3': 0.9684778451919556, 'Log10': 0.030166200967505573}
2024-03-31 21:27:31,563:INFO:--------------------------------------------------
2024-03-31 21:29:05,467:INFO:Epoch 7/10 - Train Loss: 0.0400, Validation Loss: 0.0392
2024-03-31 21:29:05,467:INFO:Epoch 7/10 - Meterics: {'AbsRel': 0.11445931196212769, 'SqRel': 0.03936517867259681, 'RMSE': 0.06726189311593771, 'RMSE_Log': 0.2762482207268476, 'A1': 0.9261388406157494, 'A2': 0.9525364130735398, 'A3': 0.9683460131287575, 'Log10': 0.029902183823287486}
2024-03-31 21:29:05,467:INFO:--------------------------------------------------
2024-03-31 21:30:39,762:INFO:Epoch 8/10 - Train Loss: 0.0389, Validation Loss: 0.0387
2024-03-31 21:30:39,762:INFO:Epoch 8/10 - Meterics: {'AbsRel': 0.11554190702736378, 'SqRel': 0.04007272869348526, 'RMSE': 0.06760816387832165, 'RMSE_Log': 0.2728362657129765, 'A1': 0.9272778168320656, 'A2': 0.9530209094285965, 'A3': 0.9692337960004807, 'Log10': 0.029581967322155834}
2024-03-31 21:30:39,762:INFO:--------------------------------------------------
2024-03-31 21:32:13,935:INFO:Epoch 9/10 - Train Loss: 0.0382, Validation Loss: 0.0380
2024-03-31 21:32:13,936:INFO:Epoch 9/10 - Meterics: {'AbsRel': 0.11834315042942763, 'SqRel': 0.035890390444546935, 'RMSE': 0.06448173336684704, 'RMSE_Log': 0.26825354136526586, 'A1': 0.9307300880551338, 'A2': 0.9577504158020019, 'A3': 0.9716326400637627, 'Log10': 0.034067961387336254}
2024-03-31 21:32:13,936:INFO:--------------------------------------------------
2024-03-31 21:33:48,667:INFO:Epoch 10/10 - Train Loss: 0.0374, Validation Loss: 0.0374
2024-03-31 21:33:48,667:INFO:Epoch 10/10 - Meterics: {'AbsRel': 0.09621564261615276, 'SqRel': 0.03185830065049231, 'RMSE': 0.06229073265567422, 'RMSE_Log': 0.2664628900587559, 'A1': 0.9310740500688552, 'A2': 0.9618301823735237, 'A3': 0.9729021072387696, 'Log10': 0.027971031749621032}
2024-03-31 21:33:48,667:INFO:--------------------------------------------------
2024-03-31 21:33:48,832:INFO:Training complete.
