2024-03-31 21:44:58,356:INFO:Training Started.
2024-03-31 21:47:50,820:INFO:Epoch 1/10 - Train Loss: 0.0795, Validation Loss: 0.0528
2024-03-31 21:47:50,820:INFO:Epoch 1/10 - Meterics: {'AbsRel': 0.24473759941756726, 'SqRel': 0.09447325430810452, 'RMSE': 0.09263926334679126, 'RMSE_Log': 0.38346125930547714, 'A1': 0.8947502344846725, 'A2': 0.9181946888566017, 'A3': 0.9359412729740143, 'Log10': 0.05010915910825133}
2024-03-31 21:47:50,820:INFO:--------------------------------------------------
2024-03-31 21:50:42,994:INFO:Epoch 2/10 - Train Loss: 0.0519, Validation Loss: 0.0511
2024-03-31 21:50:42,994:INFO:Epoch 2/10 - Meterics: {'AbsRel': 0.21026408672332764, 'SqRel': 0.06817482626065612, 'RMSE': 0.0835566708818078, 'RMSE_Log': 0.3525599054992199, 'A1': 0.9026184633374215, 'A2': 0.9306078985333442, 'A3': 0.947409288585186, 'Log10': 0.054932533949613574}
2024-03-31 21:50:42,994:INFO:--------------------------------------------------
2024-03-31 21:53:34,148:INFO:Epoch 3/10 - Train Loss: 0.0496, Validation Loss: 0.0489
2024-03-31 21:53:34,148:INFO:Epoch 3/10 - Meterics: {'AbsRel': 0.18798875138163568, 'SqRel': 0.06706368206068873, 'RMSE': 0.08320725653320551, 'RMSE_Log': 0.33753043338656424, 'A1': 0.9064669817686081, 'A2': 0.9329855412244796, 'A3': 0.9501508951187134, 'Log10': 0.04471091590821743}
2024-03-31 21:53:34,148:INFO:--------------------------------------------------
2024-03-31 21:56:26,513:INFO:Epoch 4/10 - Train Loss: 0.0478, Validation Loss: 0.0484
2024-03-31 21:56:26,513:INFO:Epoch 4/10 - Meterics: {'AbsRel': 0.1960446063429117, 'SqRel': 0.06387473791837692, 'RMSE': 0.07958339620381594, 'RMSE_Log': 0.3270337522029877, 'A1': 0.9163292780518532, 'A2': 0.941103196144104, 'A3': 0.9565631106495858, 'Log10': 0.048968647792935374}
2024-03-31 21:56:26,513:INFO:--------------------------------------------------
2024-03-31 21:59:18,041:INFO:Epoch 5/10 - Train Loss: 0.0459, Validation Loss: 0.0456
2024-03-31 21:59:18,042:INFO:Epoch 5/10 - Meterics: {'AbsRel': 0.1402824714779854, 'SqRel': 0.04952887804247439, 'RMSE': 0.07333674849942326, 'RMSE_Log': 0.3152346074581146, 'A1': 0.9175194457173348, 'A2': 0.9469746083021164, 'A3': 0.9615976467728615, 'Log10': 0.03689784631133079}
2024-03-31 21:59:18,042:INFO:--------------------------------------------------
2024-03-31 22:02:09,015:INFO:Epoch 6/10 - Train Loss: 0.0428, Validation Loss: 0.0421
2024-03-31 22:02:09,015:INFO:Epoch 6/10 - Meterics: {'AbsRel': 0.13474518805742264, 'SqRel': 0.046748062549158934, 'RMSE': 0.07070491947233677, 'RMSE_Log': 0.2944428902119398, 'A1': 0.9249043434858322, 'A2': 0.9506544306874275, 'A3': 0.9656884387135506, 'Log10': 0.034306806465610865}
2024-03-31 22:02:09,015:INFO:--------------------------------------------------
2024-03-31 22:05:02,468:INFO:Epoch 7/10 - Train Loss: 0.0419, Validation Loss: 0.0413
2024-03-31 22:05:02,469:INFO:Epoch 7/10 - Meterics: {'AbsRel': 0.1319557001814246, 'SqRel': 0.046631762431934475, 'RMSE': 0.06976929092779756, 'RMSE_Log': 0.29022927545011046, 'A1': 0.9266043156385422, 'A2': 0.9529294550418854, 'A3': 0.9671081617474556, 'Log10': 0.0324599102139473}
2024-03-31 22:05:02,469:INFO:--------------------------------------------------
2024-03-31 22:07:56,405:INFO:Epoch 8/10 - Train Loss: 0.0409, Validation Loss: 0.0403
2024-03-31 22:07:56,405:INFO:Epoch 8/10 - Meterics: {'AbsRel': 0.1241068983450532, 'SqRel': 0.0409114430192858, 'RMSE': 0.0682076906785369, 'RMSE_Log': 0.28098362013697625, 'A1': 0.9252993181347847, 'A2': 0.9517982110381127, 'A3': 0.9675624027848244, 'Log10': 0.03336930242367089}
2024-03-31 22:07:56,406:INFO:--------------------------------------------------
2024-03-31 22:10:49,877:INFO:Epoch 9/10 - Train Loss: 0.0395, Validation Loss: 0.0389
2024-03-31 22:10:49,877:INFO:Epoch 9/10 - Meterics: {'AbsRel': 0.12302203122526408, 'SqRel': 0.04170586024411023, 'RMSE': 0.06565315332263708, 'RMSE_Log': 0.2769789889454842, 'A1': 0.9319091379642487, 'A2': 0.9579980716109275, 'A3': 0.9702379897236824, 'Log10': 0.03102700295858085}
2024-03-31 22:10:49,877:INFO:--------------------------------------------------
2024-03-31 22:13:42,299:INFO:Epoch 10/10 - Train Loss: 0.0383, Validation Loss: 0.0376
2024-03-31 22:13:42,299:INFO:Epoch 10/10 - Meterics: {'AbsRel': 0.11021233201026917, 'SqRel': 0.037822504481300714, 'RMSE': 0.06414221990853548, 'RMSE_Log': 0.2675970491021872, 'A1': 0.9323145553469658, 'A2': 0.958439527451992, 'A3': 0.9713668659329414, 'Log10': 0.028066081320866944}
2024-03-31 22:13:42,299:INFO:--------------------------------------------------
2024-03-31 22:13:42,453:INFO:Training complete.
