2024-03-31 20:29:11,870:INFO:Training Started.
2024-03-31 20:30:36,602:INFO:Epoch 1/10 - Train Loss: 0.0638, Validation Loss: 0.0528
2024-03-31 20:30:36,602:INFO:Epoch 1/10 - Meterics: {'AbsRel': 0.25385060869157317, 'SqRel': 0.09723970647901296, 'RMSE': 0.09536363575607539, 'RMSE_Log': 0.38937293365597725, 'A1': 0.8987149059772491, 'A2': 0.9180206596851349, 'A3': 0.9337806090712547, 'Log10': 0.05141670517623424}
2024-03-31 20:30:36,602:INFO:--------------------------------------------------
2024-03-31 20:31:51,501:INFO:Epoch 2/10 - Train Loss: 0.0519, Validation Loss: 0.0524
2024-03-31 20:31:51,501:INFO:Epoch 2/10 - Meterics: {'AbsRel': 0.253237883746624, 'SqRel': 0.09850244373083114, 'RMSE': 0.09710242301225662, 'RMSE_Log': 0.38530408814549444, 'A1': 0.8974518299102783, 'A2': 0.916835042834282, 'A3': 0.9329987823963165, 'Log10': 0.051070804614573716}
2024-03-31 20:31:51,501:INFO:--------------------------------------------------
2024-03-31 20:33:06,877:INFO:Epoch 3/10 - Train Loss: 0.0493, Validation Loss: 0.0477
2024-03-31 20:33:06,877:INFO:Epoch 3/10 - Meterics: {'AbsRel': 0.19739969745278357, 'SqRel': 0.06286043589934706, 'RMSE': 0.0809115268290043, 'RMSE_Log': 0.32931899949908255, 'A1': 0.9122195318341255, 'A2': 0.938840365409851, 'A3': 0.9547804281115532, 'Log10': 0.05170695800334215}
2024-03-31 20:33:06,877:INFO:--------------------------------------------------
2024-03-31 20:34:22,040:INFO:Epoch 4/10 - Train Loss: 0.0467, Validation Loss: 0.0475
2024-03-31 20:34:22,040:INFO:Epoch 4/10 - Meterics: {'AbsRel': 0.1773749053478241, 'SqRel': 0.054041573964059356, 'RMSE': 0.08045594366267324, 'RMSE_Log': 0.31820025146007536, 'A1': 0.9035773172974586, 'A2': 0.9321147039532661, 'A3': 0.9510457545518876, 'Log10': 0.04980198591947556}
2024-03-31 20:34:22,040:INFO:--------------------------------------------------
2024-03-31 20:35:37,493:INFO:Epoch 5/10 - Train Loss: 0.0444, Validation Loss: 0.0428
2024-03-31 20:35:37,493:INFO:Epoch 5/10 - Meterics: {'AbsRel': 0.14415942523628472, 'SqRel': 0.04978177500888705, 'RMSE': 0.07575767012313009, 'RMSE_Log': 0.29610956385731696, 'A1': 0.917042824625969, 'A2': 0.943249686062336, 'A3': 0.9595512971282005, 'Log10': 0.03611612389795482}
2024-03-31 20:35:37,493:INFO:--------------------------------------------------
2024-03-31 20:37:03,131:INFO:Epoch 6/10 - Train Loss: 0.0400, Validation Loss: 0.0398
2024-03-31 20:37:03,131:INFO:Epoch 6/10 - Meterics: {'AbsRel': 0.11987595558166504, 'SqRel': 0.042379872594028714, 'RMSE': 0.06768157109618186, 'RMSE_Log': 0.2799858160316944, 'A1': 0.9275251731276513, 'A2': 0.9541633263230324, 'A3': 0.968690524995327, 'Log10': 0.03009179406799376}
2024-03-31 20:37:03,131:INFO:--------------------------------------------------
2024-03-31 20:38:17,598:INFO:Epoch 7/10 - Train Loss: 0.0387, Validation Loss: 0.0380
2024-03-31 20:38:17,598:INFO:Epoch 7/10 - Meterics: {'AbsRel': 0.10983422584831715, 'SqRel': 0.03697805842384696, 'RMSE': 0.06565185617655515, 'RMSE_Log': 0.26927495524287226, 'A1': 0.9285402804613113, 'A2': 0.9552859604358673, 'A3': 0.9704606965184212, 'Log10': 0.02940487852320075}
2024-03-31 20:38:17,598:INFO:--------------------------------------------------
2024-03-31 20:39:31,943:INFO:Epoch 8/10 - Train Loss: 0.0377, Validation Loss: 0.0369
2024-03-31 20:39:31,943:INFO:Epoch 8/10 - Meterics: {'AbsRel': 0.10495860185474157, 'SqRel': 0.0348507022485137, 'RMSE': 0.06333016706630587, 'RMSE_Log': 0.26363469623029234, 'A1': 0.931912936270237, 'A2': 0.9590550899505615, 'A3': 0.9724887847900391, 'Log10': 0.028329411055892706}
2024-03-31 20:39:31,943:INFO:--------------------------------------------------
2024-03-31 20:40:46,453:INFO:Epoch 9/10 - Train Loss: 0.0368, Validation Loss: 0.0365
2024-03-31 20:40:46,453:INFO:Epoch 9/10 - Meterics: {'AbsRel': 0.10942963156849146, 'SqRel': 0.03471588622778654, 'RMSE': 0.064632613863796, 'RMSE_Log': 0.2605924908071756, 'A1': 0.929624642431736, 'A2': 0.9558970183134079, 'A3': 0.971524627506733, 'Log10': 0.03053831672295928}
2024-03-31 20:40:46,453:INFO:--------------------------------------------------
2024-03-31 20:42:00,837:INFO:Epoch 10/10 - Train Loss: 0.0360, Validation Loss: 0.0355
2024-03-31 20:42:00,837:INFO:Epoch 10/10 - Meterics: {'AbsRel': 0.10261158458888531, 'SqRel': 0.033533019362948835, 'RMSE': 0.06221285406500101, 'RMSE_Log': 0.25580674670636655, 'A1': 0.9344092562794686, 'A2': 0.9604250386357307, 'A3': 0.9738393992185592, 'Log10': 0.028032921813428403}
2024-03-31 20:42:00,837:INFO:--------------------------------------------------
2024-03-31 20:42:00,987:INFO:Training complete.
