2024-03-31 23:29:39,553:INFO:Training Started.
2024-03-31 23:30:25,276:INFO:Epoch 1/10 - Train Loss: 0.1018, Validation Loss: 0.0633
2024-03-31 23:30:25,276:INFO:Epoch 1/10 - Meterics: {'AbsRel': 0.31565679237246513, 'SqRel': 0.12086500022560358, 'RMSE': 0.09932011980563402, 'RMSE_Log': 0.40945257768034937, 'A1': 0.87804364413023, 'A2': 0.900268267095089, 'A3': 0.9197861358523369, 'Log10': 0.059384328126907346}
2024-03-31 23:30:25,276:INFO:--------------------------------------------------
2024-03-31 23:31:07,221:INFO:Epoch 2/10 - Train Loss: 0.0601, Validation Loss: 0.0559
2024-03-31 23:31:07,221:INFO:Epoch 2/10 - Meterics: {'AbsRel': 0.2325688861310482, 'SqRel': 0.08687714263796806, 'RMSE': 0.08915725722908974, 'RMSE_Log': 0.3582586497068405, 'A1': 0.894412276148796, 'A2': 0.9193959563970566, 'A3': 0.9389854818582535, 'Log10': 0.047400354873389006}
2024-03-31 23:31:07,221:INFO:--------------------------------------------------
2024-03-31 23:31:51,608:INFO:Epoch 3/10 - Train Loss: 0.0541, Validation Loss: 0.0523
2024-03-31 23:31:51,609:INFO:Epoch 3/10 - Meterics: {'AbsRel': 0.19982033148407935, 'SqRel': 0.07118140989914537, 'RMSE': 0.08245963025838136, 'RMSE_Log': 0.3309029549360275, 'A1': 0.9030176296830177, 'A2': 0.9298788845539093, 'A3': 0.9487293064594269, 'Log10': 0.04099420318379998}
2024-03-31 23:31:51,614:INFO:--------------------------------------------------
2024-03-31 23:32:36,079:INFO:Epoch 4/10 - Train Loss: 0.0474, Validation Loss: 0.0455
2024-03-31 23:32:36,079:INFO:Epoch 4/10 - Meterics: {'AbsRel': 0.13592284135520458, 'SqRel': 0.045422427169978616, 'RMSE': 0.07309576058760285, 'RMSE_Log': 0.2847715776413679, 'A1': 0.9140598952770234, 'A2': 0.9417391762137413, 'A3': 0.9608703598380088, 'Log10': 0.03433467661961913}
2024-03-31 23:32:36,079:INFO:--------------------------------------------------
2024-03-31 23:33:16,863:INFO:Epoch 5/10 - Train Loss: 0.0421, Validation Loss: 0.0405
2024-03-31 23:33:16,863:INFO:Epoch 5/10 - Meterics: {'AbsRel': 0.11718315873295068, 'SqRel': 0.03378798011690378, 'RMSE': 0.06411799807101488, 'RMSE_Log': 0.2606680542230606, 'A1': 0.9224445015192032, 'A2': 0.9513449415564537, 'A3': 0.9685561388731003, 'Log10': 0.03137476658448577}
2024-03-31 23:33:16,863:INFO:--------------------------------------------------
2024-03-31 23:33:58,725:INFO:Epoch 6/10 - Train Loss: 0.0381, Validation Loss: 0.0383
2024-03-31 23:33:58,725:INFO:Epoch 6/10 - Meterics: {'AbsRel': 0.10354932062327862, 'SqRel': 0.03137468202039599, 'RMSE': 0.06156034823507071, 'RMSE_Log': 0.2515236511826515, 'A1': 0.926432029902935, 'A2': 0.9548910900950431, 'A3': 0.9709923744201661, 'Log10': 0.028256866335868835}
2024-03-31 23:33:58,725:INFO:--------------------------------------------------
2024-03-31 23:34:40,984:INFO:Epoch 7/10 - Train Loss: 0.0373, Validation Loss: 0.0388
2024-03-31 23:34:40,984:INFO:Epoch 7/10 - Meterics: {'AbsRel': 0.1063125105574727, 'SqRel': 0.03239460627082735, 'RMSE': 0.06369115896522999, 'RMSE_Log': 0.2524197567254305, 'A1': 0.9249463498592376, 'A2': 0.9535867869853973, 'A3': 0.9705770939588547, 'Log10': 0.029419310670346022}
2024-03-31 23:34:40,984:INFO:--------------------------------------------------
2024-03-31 23:35:23,666:INFO:Epoch 8/10 - Train Loss: 0.0365, Validation Loss: 0.0377
2024-03-31 23:35:23,672:INFO:Epoch 8/10 - Meterics: {'AbsRel': 0.09777575694024562, 'SqRel': 0.030094353551976382, 'RMSE': 0.0602056073024869, 'RMSE_Log': 0.2476088773459196, 'A1': 0.9283455312252045, 'A2': 0.9569600552320481, 'A3': 0.9722304746508599, 'Log10': 0.027210161788389087}
2024-03-31 23:35:23,672:INFO:--------------------------------------------------
2024-03-31 23:36:05,625:INFO:Epoch 9/10 - Train Loss: 0.0358, Validation Loss: 0.0376
2024-03-31 23:36:05,625:INFO:Epoch 9/10 - Meterics: {'AbsRel': 0.10157943423837423, 'SqRel': 0.030700919521041214, 'RMSE': 0.06088591888546944, 'RMSE_Log': 0.2463591020554304, 'A1': 0.9271896198391915, 'A2': 0.9560512647032737, 'A3': 0.9723335668444634, 'Log10': 0.027293064631521702}
2024-03-31 23:36:05,625:INFO:--------------------------------------------------
2024-03-31 23:36:48,216:INFO:Epoch 10/10 - Train Loss: 0.0350, Validation Loss: 0.0374
2024-03-31 23:36:48,217:INFO:Epoch 10/10 - Meterics: {'AbsRel': 0.10005739592015743, 'SqRel': 0.02874108627438545, 'RMSE': 0.05913502732291818, 'RMSE_Log': 0.24528940245509148, 'A1': 0.9284565165638924, 'A2': 0.9579005748033523, 'A3': 0.9729875579476357, 'Log10': 0.02690058443695307}
2024-03-31 23:36:48,217:INFO:--------------------------------------------------
2024-03-31 23:36:48,422:INFO:Training complete.
