2024-03-31 23:13:19,795:INFO:Training Started.
2024-03-31 23:14:10,740:INFO:Epoch 1/10 - Train Loss: 0.2007, Validation Loss: 0.0891
2024-03-31 23:14:10,740:INFO:Epoch 1/10 - Meterics: {'AbsRel': 0.30456097349524497, 'SqRel': 0.14903739970177413, 'RMSE': 0.7245930993929506, 'RMSE_Log': 0.5470183707773686, 'A1': 0.8313707515597344, 'A2': 0.8898109138011933, 'A3': 0.9142024084925652, 'Log10': 0.09760914295911789}
2024-03-31 23:14:10,740:INFO:--------------------------------------------------
2024-03-31 23:14:59,101:INFO:Epoch 2/10 - Train Loss: 0.0693, Validation Loss: 0.0617
2024-03-31 23:14:59,101:INFO:Epoch 2/10 - Meterics: {'AbsRel': 0.24270564466714858, 'SqRel': 0.07664341609925032, 'RMSE': 0.10313414204865694, 'RMSE_Log': 0.37175730243325233, 'A1': 0.8753894522786141, 'A2': 0.908565966784954, 'A3': 0.9308432415127754, 'Log10': 0.06362116420641542}
2024-03-31 23:14:59,101:INFO:--------------------------------------------------
2024-03-31 23:15:46,984:INFO:Epoch 3/10 - Train Loss: 0.0577, Validation Loss: 0.0521
2024-03-31 23:15:46,984:INFO:Epoch 3/10 - Meterics: {'AbsRel': 0.18655364476144315, 'SqRel': 0.06011988539248705, 'RMSE': 0.0811953304335475, 'RMSE_Log': 0.32494452968239784, 'A1': 0.8998602896928787, 'A2': 0.9327481359243393, 'A3': 0.951073282957077, 'Log10': 0.047895981650799516}
2024-03-31 23:15:46,984:INFO:--------------------------------------------------
2024-03-31 23:16:34,950:INFO:Epoch 4/10 - Train Loss: 0.0489, Validation Loss: 0.0449
2024-03-31 23:16:34,950:INFO:Epoch 4/10 - Meterics: {'AbsRel': 0.13832043912261724, 'SqRel': 0.03829929921776056, 'RMSE': 0.0701379762031138, 'RMSE_Log': 0.27695341370999815, 'A1': 0.9097432076931, 'A2': 0.9420882359147071, 'A3': 0.9618756115436554, 'Log10': 0.03872691146098077}
2024-03-31 23:16:34,950:INFO:--------------------------------------------------
2024-03-31 23:17:22,385:INFO:Epoch 5/10 - Train Loss: 0.0422, Validation Loss: 0.0397
2024-03-31 23:17:22,385:INFO:Epoch 5/10 - Meterics: {'AbsRel': 0.10984162036329508, 'SqRel': 0.029513893788680433, 'RMSE': 0.06331641478464008, 'RMSE_Log': 0.2507871765643358, 'A1': 0.9223139166831971, 'A2': 0.9527293562889099, 'A3': 0.9699066177010536, 'Log10': 0.033946154685690996}
2024-03-31 23:17:22,385:INFO:--------------------------------------------------
2024-03-31 23:18:09,883:INFO:Epoch 6/10 - Train Loss: 0.0377, Validation Loss: 0.0378
2024-03-31 23:18:09,883:INFO:Epoch 6/10 - Meterics: {'AbsRel': 0.10363470278680324, 'SqRel': 0.028037708112969996, 'RMSE': 0.060320498142391446, 'RMSE_Log': 0.24290930144488812, 'A1': 0.926189973950386, 'A2': 0.9566790133714675, 'A3': 0.9725450485944748, 'Log10': 0.03160096011124551}
2024-03-31 23:18:09,883:INFO:--------------------------------------------------
2024-03-31 23:18:59,149:INFO:Epoch 7/10 - Train Loss: 0.0369, Validation Loss: 0.0374
2024-03-31 23:18:59,149:INFO:Epoch 7/10 - Meterics: {'AbsRel': 0.10276965070515871, 'SqRel': 0.027943415124900638, 'RMSE': 0.05976268714293838, 'RMSE_Log': 0.2409603029489517, 'A1': 0.9276679217815399, 'A2': 0.9578013107180595, 'A3': 0.9731712967157364, 'Log10': 0.031135849375277757}
2024-03-31 23:18:59,149:INFO:--------------------------------------------------
2024-03-31 23:19:47,836:INFO:Epoch 8/10 - Train Loss: 0.0362, Validation Loss: 0.0370
2024-03-31 23:19:47,836:INFO:Epoch 8/10 - Meterics: {'AbsRel': 0.10284668989479542, 'SqRel': 0.027808430278673767, 'RMSE': 0.05994419772177935, 'RMSE_Log': 0.23965682238340377, 'A1': 0.9275995478034019, 'A2': 0.9577888816595077, 'A3': 0.9734410718083382, 'Log10': 0.03117201807908714}
2024-03-31 23:19:47,836:INFO:--------------------------------------------------
2024-03-31 23:20:36,082:INFO:Epoch 9/10 - Train Loss: 0.0355, Validation Loss: 0.0368
2024-03-31 23:20:36,082:INFO:Epoch 9/10 - Meterics: {'AbsRel': 0.10023893713951111, 'SqRel': 0.027254304056987165, 'RMSE': 0.05849161893129349, 'RMSE_Log': 0.2384747140109539, 'A1': 0.9299495726823807, 'A2': 0.9596978649497032, 'A3': 0.9741282343864441, 'Log10': 0.03029548446647823}
2024-03-31 23:20:36,082:INFO:--------------------------------------------------
2024-03-31 23:21:24,497:INFO:Epoch 10/10 - Train Loss: 0.0349, Validation Loss: 0.0367
2024-03-31 23:21:24,497:INFO:Epoch 10/10 - Meterics: {'AbsRel': 0.0973670795559883, 'SqRel': 0.02620869257953018, 'RMSE': 0.057942704763263464, 'RMSE_Log': 0.2373285461217165, 'A1': 0.9301524013280869, 'A2': 0.9601490393280983, 'A3': 0.9743451818823814, 'Log10': 0.030050104344263674}
2024-03-31 23:21:24,497:INFO:--------------------------------------------------
2024-03-31 23:21:24,592:INFO:Training complete.
2024-03-31 23:28:54,205:INFO:Training Started.
