2024-03-31 22:52:27,595:INFO:Training Started.
2024-03-31 22:53:04,580:INFO:Epoch 1/10 - Train Loss: 0.1118, Validation Loss: 0.0616
2024-03-31 22:53:04,580:INFO:Epoch 1/10 - Meterics: {'AbsRel': 1.242685989663005, 'SqRel': 0.6172863718122243, 'RMSE': 0.09916448555886745, 'RMSE_Log': 0.4935306139290333, 'A1': 0.8848077148199082, 'A2': 0.9033834800124169, 'A3': 0.9216333657503128, 'Log10': 0.06285749478265643}
2024-03-31 22:53:04,580:INFO:--------------------------------------------------
2024-03-31 22:53:41,456:INFO:Epoch 2/10 - Train Loss: 0.0583, Validation Loss: 0.0530
2024-03-31 22:53:41,456:INFO:Epoch 2/10 - Meterics: {'AbsRel': 0.22789210714399816, 'SqRel': 0.08184020565822721, 'RMSE': 0.08099254155531525, 'RMSE_Log': 0.34133410081267357, 'A1': 0.9014549821615219, 'A2': 0.9287373080849648, 'A3': 0.9477352529764176, 'Log10': 0.0424735420383513}
2024-03-31 22:53:41,456:INFO:--------------------------------------------------
2024-03-31 22:54:18,279:INFO:Epoch 3/10 - Train Loss: 0.0489, Validation Loss: 0.0458
2024-03-31 22:54:18,279:INFO:Epoch 3/10 - Meterics: {'AbsRel': 0.13435645643621683, 'SqRel': 0.04411328742280603, 'RMSE': 0.07028560508042574, 'RMSE_Log': 0.28949524126946924, 'A1': 0.9152273520827293, 'A2': 0.9424622014164925, 'A3': 0.9610567718744278, 'Log10': 0.0339878894854337}
2024-03-31 22:54:18,279:INFO:--------------------------------------------------
2024-03-31 22:54:54,862:INFO:Epoch 4/10 - Train Loss: 0.0430, Validation Loss: 0.0403
2024-03-31 22:54:54,862:INFO:Epoch 4/10 - Meterics: {'AbsRel': 0.11518577300012112, 'SqRel': 0.036159438313916326, 'RMSE': 0.06579626817256212, 'RMSE_Log': 0.26148459650576117, 'A1': 0.9208147019147873, 'A2': 0.9487550333142281, 'A3': 0.9674289241433144, 'Log10': 0.0299744822550565}
2024-03-31 22:54:54,862:INFO:--------------------------------------------------
2024-03-31 22:55:31,040:INFO:Epoch 5/10 - Train Loss: 0.0382, Validation Loss: 0.0375
2024-03-31 22:55:31,040:INFO:Epoch 5/10 - Meterics: {'AbsRel': 0.1064442191272974, 'SqRel': 0.031871509295888244, 'RMSE': 0.061434471793472764, 'RMSE_Log': 0.2509452495723963, 'A1': 0.9275012582540512, 'A2': 0.9556974753737449, 'A3': 0.9715084150433541, 'Log10': 0.027557065477594733}
2024-03-31 22:55:31,040:INFO:--------------------------------------------------
2024-03-31 22:56:06,489:INFO:Epoch 6/10 - Train Loss: 0.0343, Validation Loss: 0.0357
2024-03-31 22:56:06,489:INFO:Epoch 6/10 - Meterics: {'AbsRel': 0.0960089923813939, 'SqRel': 0.028735681786201894, 'RMSE': 0.05851677851751447, 'RMSE_Log': 0.24143370985984802, 'A1': 0.9316371411085129, 'A2': 0.9593792587518692, 'A3': 0.9738267883658409, 'Log10': 0.025943952705711128}
2024-03-31 22:56:06,489:INFO:--------------------------------------------------
2024-03-31 22:56:41,517:INFO:Epoch 7/10 - Train Loss: 0.0335, Validation Loss: 0.0355
2024-03-31 22:56:41,517:INFO:Epoch 7/10 - Meterics: {'AbsRel': 0.09187825154513121, 'SqRel': 0.02770318533293903, 'RMSE': 0.057441959530115126, 'RMSE_Log': 0.23884293325245382, 'A1': 0.9330377042293548, 'A2': 0.9606617942452431, 'A3': 0.9745024830102921, 'Log10': 0.025527952425181865}
2024-03-31 22:56:41,517:INFO:--------------------------------------------------
2024-03-31 22:57:17,135:INFO:Epoch 8/10 - Train Loss: 0.0326, Validation Loss: 0.0350
2024-03-31 22:57:17,135:INFO:Epoch 8/10 - Meterics: {'AbsRel': 0.0887971711345017, 'SqRel': 0.02708604293875396, 'RMSE': 0.05709285167977214, 'RMSE_Log': 0.2361153319478035, 'A1': 0.9341234028339386, 'A2': 0.9614115625619888, 'A3': 0.9749625280499459, 'Log10': 0.025161562114953996}
2024-03-31 22:57:17,135:INFO:--------------------------------------------------
2024-03-31 22:57:52,193:INFO:Epoch 9/10 - Train Loss: 0.0320, Validation Loss: 0.0347
2024-03-31 22:57:52,193:INFO:Epoch 9/10 - Meterics: {'AbsRel': 0.08657510466873646, 'SqRel': 0.0261787160532549, 'RMSE': 0.056288979947566986, 'RMSE_Log': 0.23423386551439762, 'A1': 0.9351534739136695, 'A2': 0.9619881629943847, 'A3': 0.9752103790640831, 'Log10': 0.02483393861912191}
2024-03-31 22:57:52,197:INFO:--------------------------------------------------
2024-03-31 22:58:28,072:INFO:Epoch 10/10 - Train Loss: 0.0313, Validation Loss: 0.0343
2024-03-31 22:58:28,072:INFO:Epoch 10/10 - Meterics: {'AbsRel': 0.09219263000413776, 'SqRel': 0.026849023974500598, 'RMSE': 0.05587812466546893, 'RMSE_Log': 0.23565172217786312, 'A1': 0.9359685137867928, 'A2': 0.9627349019050598, 'A3': 0.9756926521658897, 'Log10': 0.024658464081585407}
2024-03-31 22:58:28,072:INFO:--------------------------------------------------
2024-03-31 22:58:28,219:INFO:Training complete.
